ERROR - 2023-05-15 13:09:04 --> mysqli_sql_exception: Table 'users' already exists in C:\project\latihan_codeigniter\vendor\codeigniter4\framework\system\Database\MySQLi\Connection.php:295
Stack trace:
#0 C:\project\latihan_codeigniter\vendor\codeigniter4\framework\system\Database\MySQLi\Connection.php(295): mysqli->query('CREATE TABLE `u...', 0)
#1 C:\project\latihan_codeigniter\vendor\codeigniter4\framework\system\Database\BaseConnection.php(692): CodeIgniter\Database\MySQLi\Connection->execute('CREATE TABLE `u...')
#2 C:\project\latihan_codeigniter\vendor\codeigniter4\framework\system\Database\BaseConnection.php(606): CodeIgniter\Database\BaseConnection->simpleQuery('CREATE TABLE `u...')
#3 C:\project\latihan_codeigniter\vendor\codeigniter4\framework\system\Database\Forge.php(546): CodeIgniter\Database\BaseConnection->query('CREATE TABLE `u...')
#4 C:\project\latihan_codeigniter\app\Database\Migrations\2023-05-13-132808_UsersTable.php(40): CodeIgniter\Database\Forge->createTable('users')
#5 C:\project\latihan_codeigniter\vendor\codeigniter4\framework\system\Database\MigrationRunner.php(877): App\Database\Migrations\UsersTable->up()
#6 C:\project\latihan_codeigniter\vendor\codeigniter4\framework\system\Database\MigrationRunner.php(188): CodeIgniter\Database\MigrationRunner->migrate('up', Object(stdClass))
#7 C:\project\latihan_codeigniter\vendor\codeigniter4\framework\system\Commands\Database\Migrate.php(84): CodeIgniter\Database\MigrationRunner->latest(NULL)
#8 C:\project\latihan_codeigniter\vendor\codeigniter4\framework\system\CLI\Commands.php(65): CodeIgniter\Commands\Database\Migrate->run(Array)
#9 C:\project\latihan_codeigniter\vendor\codeigniter4\framework\system\CLI\BaseCommand.php(114): CodeIgniter\CLI\Commands->run('migrate', Array)
#10 C:\project\latihan_codeigniter\vendor\codeigniter4\framework\system\Commands\Database\MigrateRefresh.php(85): CodeIgniter\CLI\BaseCommand->call('migrate', Array)
#11 C:\project\latihan_codeigniter\vendor\codeigniter4\framework\system\CLI\Commands.php(65): CodeIgniter\Commands\Database\MigrateRefresh->run(Array)
#12 C:\project\latihan_codeigniter\vendor\codeigniter4\framework\system\CLI\Console.php(37): CodeIgniter\CLI\Commands->run('migrate:refresh', Array)
#13 C:\project\latihan_codeigniter\spark(97): CodeIgniter\CLI\Console->run()
#14 {main}
ERROR - 2023-05-15 13:12:19 --> mysqli_sql_exception: Table 'users' already exists in C:\project\latihan_codeigniter\vendor\codeigniter4\framework\system\Database\MySQLi\Connection.php:295
Stack trace:
#0 C:\project\latihan_codeigniter\vendor\codeigniter4\framework\system\Database\MySQLi\Connection.php(295): mysqli->query('CREATE TABLE `u...', 0)
#1 C:\project\latihan_codeigniter\vendor\codeigniter4\framework\system\Database\BaseConnection.php(692): CodeIgniter\Database\MySQLi\Connection->execute('CREATE TABLE `u...')
#2 C:\project\latihan_codeigniter\vendor\codeigniter4\framework\system\Database\BaseConnection.php(606): CodeIgniter\Database\BaseConnection->simpleQuery('CREATE TABLE `u...')
#3 C:\project\latihan_codeigniter\vendor\codeigniter4\framework\system\Database\Forge.php(546): CodeIgniter\Database\BaseConnection->query('CREATE TABLE `u...')
#4 C:\project\latihan_codeigniter\app\Database\Migrations\2023-05-13-132808_UsersTable.php(40): CodeIgniter\Database\Forge->createTable('users')
#5 C:\project\latihan_codeigniter\vendor\codeigniter4\framework\system\Database\MigrationRunner.php(877): App\Database\Migrations\UsersTable->up()
#6 C:\project\latihan_codeigniter\vendor\codeigniter4\framework\system\Database\MigrationRunner.php(188): CodeIgniter\Database\MigrationRunner->migrate('up', Object(stdClass))
#7 C:\project\latihan_codeigniter\vendor\codeigniter4\framework\system\Commands\Database\Migrate.php(84): CodeIgniter\Database\MigrationRunner->latest(NULL)
#8 C:\project\latihan_codeigniter\vendor\codeigniter4\framework\system\CLI\Commands.php(65): CodeIgniter\Commands\Database\Migrate->run(Array)
#9 C:\project\latihan_codeigniter\vendor\codeigniter4\framework\system\CLI\BaseCommand.php(114): CodeIgniter\CLI\Commands->run('migrate', Array)
#10 C:\project\latihan_codeigniter\vendor\codeigniter4\framework\system\Commands\Database\MigrateRefresh.php(85): CodeIgniter\CLI\BaseCommand->call('migrate', Array)
#11 C:\project\latihan_codeigniter\vendor\codeigniter4\framework\system\CLI\Commands.php(65): CodeIgniter\Commands\Database\MigrateRefresh->run(Array)
#12 C:\project\latihan_codeigniter\vendor\codeigniter4\framework\system\CLI\Console.php(37): CodeIgniter\CLI\Commands->run('migrate:refresh', Array)
#13 C:\project\latihan_codeigniter\spark(97): CodeIgniter\CLI\Console->run()
#14 {main}
ERROR - 2023-05-15 13:22:21 --> mysqli_sql_exception: Table 'users' already exists in C:\project\latihan_codeigniter\vendor\codeigniter4\framework\system\Database\MySQLi\Connection.php:295
Stack trace:
#0 C:\project\latihan_codeigniter\vendor\codeigniter4\framework\system\Database\MySQLi\Connection.php(295): mysqli->query('CREATE TABLE `u...', 0)
#1 C:\project\latihan_codeigniter\vendor\codeigniter4\framework\system\Database\BaseConnection.php(692): CodeIgniter\Database\MySQLi\Connection->execute('CREATE TABLE `u...')
#2 C:\project\latihan_codeigniter\vendor\codeigniter4\framework\system\Database\BaseConnection.php(606): CodeIgniter\Database\BaseConnection->simpleQuery('CREATE TABLE `u...')
#3 C:\project\latihan_codeigniter\vendor\codeigniter4\framework\system\Database\Forge.php(546): CodeIgniter\Database\BaseConnection->query('CREATE TABLE `u...')
#4 C:\project\latihan_codeigniter\app\Database\Migrations\2023-05-13-132808_UsersTable.php(40): CodeIgniter\Database\Forge->createTable('users')
#5 C:\project\latihan_codeigniter\vendor\codeigniter4\framework\system\Database\MigrationRunner.php(877): App\Database\Migrations\UsersTable->up()
#6 C:\project\latihan_codeigniter\vendor\codeigniter4\framework\system\Database\MigrationRunner.php(188): CodeIgniter\Database\MigrationRunner->migrate('up', Object(stdClass))
#7 C:\project\latihan_codeigniter\vendor\codeigniter4\framework\system\Commands\Database\Migrate.php(84): CodeIgniter\Database\MigrationRunner->latest(NULL)
#8 C:\project\latihan_codeigniter\vendor\codeigniter4\framework\system\CLI\Commands.php(65): CodeIgniter\Commands\Database\Migrate->run(Array)
#9 C:\project\latihan_codeigniter\vendor\codeigniter4\framework\system\CLI\BaseCommand.php(114): CodeIgniter\CLI\Commands->run('migrate', Array)
#10 C:\project\latihan_codeigniter\vendor\codeigniter4\framework\system\Commands\Database\MigrateRefresh.php(85): CodeIgniter\CLI\BaseCommand->call('migrate', Array)
#11 C:\project\latihan_codeigniter\vendor\codeigniter4\framework\system\CLI\Commands.php(65): CodeIgniter\Commands\Database\MigrateRefresh->run(Array)
#12 C:\project\latihan_codeigniter\vendor\codeigniter4\framework\system\CLI\Console.php(37): CodeIgniter\CLI\Commands->run('migrate:refresh', Array)
#13 C:\project\latihan_codeigniter\spark(97): CodeIgniter\CLI\Console->run()
#14 {main}
ERROR - 2023-05-15 13:39:13 --> mysqli_sql_exception: Table 'users' already exists in C:\project\latihan_codeigniter\vendor\codeigniter4\framework\system\Database\MySQLi\Connection.php:295
Stack trace:
#0 C:\project\latihan_codeigniter\vendor\codeigniter4\framework\system\Database\MySQLi\Connection.php(295): mysqli->query('CREATE TABLE `u...', 0)
#1 C:\project\latihan_codeigniter\vendor\codeigniter4\framework\system\Database\BaseConnection.php(692): CodeIgniter\Database\MySQLi\Connection->execute('CREATE TABLE `u...')
#2 C:\project\latihan_codeigniter\vendor\codeigniter4\framework\system\Database\BaseConnection.php(606): CodeIgniter\Database\BaseConnection->simpleQuery('CREATE TABLE `u...')
#3 C:\project\latihan_codeigniter\vendor\codeigniter4\framework\system\Database\Forge.php(546): CodeIgniter\Database\BaseConnection->query('CREATE TABLE `u...')
#4 C:\project\latihan_codeigniter\app\Database\Migrations\2023-05-13-132808_UsersTable.php(40): CodeIgniter\Database\Forge->createTable('users')
#5 C:\project\latihan_codeigniter\vendor\codeigniter4\framework\system\Database\MigrationRunner.php(877): App\Database\Migrations\UsersTable->up()
#6 C:\project\latihan_codeigniter\vendor\codeigniter4\framework\system\Database\MigrationRunner.php(188): CodeIgniter\Database\MigrationRunner->migrate('up', Object(stdClass))
#7 C:\project\latihan_codeigniter\vendor\codeigniter4\framework\system\Commands\Database\Migrate.php(84): CodeIgniter\Database\MigrationRunner->latest(NULL)
#8 C:\project\latihan_codeigniter\vendor\codeigniter4\framework\system\CLI\Commands.php(65): CodeIgniter\Commands\Database\Migrate->run(Array)
#9 C:\project\latihan_codeigniter\vendor\codeigniter4\framework\system\CLI\BaseCommand.php(114): CodeIgniter\CLI\Commands->run('migrate', Array)
#10 C:\project\latihan_codeigniter\vendor\codeigniter4\framework\system\Commands\Database\MigrateRefresh.php(85): CodeIgniter\CLI\BaseCommand->call('migrate', Array)
#11 C:\project\latihan_codeigniter\vendor\codeigniter4\framework\system\CLI\Commands.php(65): CodeIgniter\Commands\Database\MigrateRefresh->run(Array)
#12 C:\project\latihan_codeigniter\vendor\codeigniter4\framework\system\CLI\Console.php(37): CodeIgniter\CLI\Commands->run('migrate:refresh', Array)
#13 C:\project\latihan_codeigniter\spark(97): CodeIgniter\CLI\Console->run()
#14 {main}
ERROR - 2023-05-15 13:47:22 --> mysqli_sql_exception: Duplicate entry 'admin@gmail.com' for key 'email' in C:\project\latihan_codeigniter\vendor\codeigniter4\framework\system\Database\MySQLi\Connection.php:295
Stack trace:
#0 C:\project\latihan_codeigniter\vendor\codeigniter4\framework\system\Database\MySQLi\Connection.php(295): mysqli->query('INSERT INTO `us...', 0)
#1 C:\project\latihan_codeigniter\vendor\codeigniter4\framework\system\Database\BaseConnection.php(692): CodeIgniter\Database\MySQLi\Connection->execute('INSERT INTO `us...')
#2 C:\project\latihan_codeigniter\vendor\codeigniter4\framework\system\Database\BaseConnection.php(606): CodeIgniter\Database\BaseConnection->simpleQuery('INSERT INTO `us...')
#3 C:\project\latihan_codeigniter\vendor\codeigniter4\framework\system\Database\BaseBuilder.php(1801): CodeIgniter\Database\BaseConnection->query('INSERT INTO `us...', NULL, false)
#4 C:\project\latihan_codeigniter\vendor\codeigniter4\framework\system\Database\BaseBuilder.php(2192): CodeIgniter\Database\BaseBuilder->batchExecute('_insertBatch', 100)
#5 C:\project\latihan_codeigniter\app\Database\Seeds\UserSeeder.php(28): CodeIgniter\Database\BaseBuilder->insertBatch(Array)
#6 C:\project\latihan_codeigniter\vendor\codeigniter4\framework\system\Database\Seeder.php(146): App\Database\Seeds\UserSeeder->run()
#7 C:\project\latihan_codeigniter\vendor\codeigniter4\framework\system\Commands\Database\Seed.php(77): CodeIgniter\Database\Seeder->call('App\\Database\\Se...')
#8 C:\project\latihan_codeigniter\vendor\codeigniter4\framework\system\CLI\Commands.php(65): CodeIgniter\Commands\Database\Seed->run(Array)
#9 C:\project\latihan_codeigniter\vendor\codeigniter4\framework\system\CLI\Console.php(37): CodeIgniter\CLI\Commands->run('db:seed', Array)
#10 C:\project\latihan_codeigniter\spark(97): CodeIgniter\CLI\Console->run()
#11 {main}
ERROR - 2023-05-15 13:51:20 --> mysqli_sql_exception: Table 'users' already exists in C:\project\latihan_codeigniter\vendor\codeigniter4\framework\system\Database\MySQLi\Connection.php:295
Stack trace:
#0 C:\project\latihan_codeigniter\vendor\codeigniter4\framework\system\Database\MySQLi\Connection.php(295): mysqli->query('CREATE TABLE `u...', 0)
#1 C:\project\latihan_codeigniter\vendor\codeigniter4\framework\system\Database\BaseConnection.php(692): CodeIgniter\Database\MySQLi\Connection->execute('CREATE TABLE `u...')
#2 C:\project\latihan_codeigniter\vendor\codeigniter4\framework\system\Database\BaseConnection.php(606): CodeIgniter\Database\BaseConnection->simpleQuery('CREATE TABLE `u...')
#3 C:\project\latihan_codeigniter\vendor\codeigniter4\framework\system\Database\Forge.php(546): CodeIgniter\Database\BaseConnection->query('CREATE TABLE `u...')
#4 C:\project\latihan_codeigniter\app\Database\Migrations\2023-05-13-132808_UsersTable.php(33): CodeIgniter\Database\Forge->createTable('users')
#5 C:\project\latihan_codeigniter\vendor\codeigniter4\framework\system\Database\MigrationRunner.php(877): App\Database\Migrations\UsersTable->up()
#6 C:\project\latihan_codeigniter\vendor\codeigniter4\framework\system\Database\MigrationRunner.php(188): CodeIgniter\Database\MigrationRunner->migrate('up', Object(stdClass))
#7 C:\project\latihan_codeigniter\vendor\codeigniter4\framework\system\Commands\Database\Migrate.php(84): CodeIgniter\Database\MigrationRunner->latest(NULL)
#8 C:\project\latihan_codeigniter\vendor\codeigniter4\framework\system\CLI\Commands.php(65): CodeIgniter\Commands\Database\Migrate->run(Array)
#9 C:\project\latihan_codeigniter\vendor\codeigniter4\framework\system\CLI\BaseCommand.php(114): CodeIgniter\CLI\Commands->run('migrate', Array)
#10 C:\project\latihan_codeigniter\vendor\codeigniter4\framework\system\Commands\Database\MigrateRefresh.php(85): CodeIgniter\CLI\BaseCommand->call('migrate', Array)
#11 C:\project\latihan_codeigniter\vendor\codeigniter4\framework\system\CLI\Commands.php(65): CodeIgniter\Commands\Database\MigrateRefresh->run(Array)
#12 C:\project\latihan_codeigniter\vendor\codeigniter4\framework\system\CLI\Console.php(37): CodeIgniter\CLI\Commands->run('migrate:refresh', Array)
#13 C:\project\latihan_codeigniter\spark(97): CodeIgniter\CLI\Console->run()
#14 {main}
