CRITICAL - 2023-05-13 11:38:35 --> Invalid file: "siswa.php"
in SYSTEMPATH\Exceptions\FrameworkException.php on line 33.
 1 SYSTEMPATH\View\View.php(201): CodeIgniter\Exceptions\FrameworkException::forInvalidFile('siswa.php')
 2 SYSTEMPATH\Common.php(1184): CodeIgniter\View\View->render('siswa', [], true)
 3 APPPATH\Controllers\MenuController.php(19): view('siswa')
 4 SYSTEMPATH\CodeIgniter.php(934): App\Controllers\MenuController->dataSiswa()
 5 SYSTEMPATH\CodeIgniter.php(499): CodeIgniter\CodeIgniter->runController(Object(App\Controllers\MenuController))
 6 SYSTEMPATH\CodeIgniter.php(368): CodeIgniter\CodeIgniter->handleRequest(null, Object(Config\Cache), false)
 7 FCPATH\index.php(67): CodeIgniter\CodeIgniter->run()
 8 SYSTEMPATH\Commands\Server\rewrite.php(47): require_once('C:\\project\\latihan_codeigniter\\public\\index.php')
CRITICAL - 2023-05-13 11:38:42 --> Invalid file: "siswa.php"
in SYSTEMPATH\Exceptions\FrameworkException.php on line 33.
 1 SYSTEMPATH\View\View.php(201): CodeIgniter\Exceptions\FrameworkException::forInvalidFile('siswa.php')
 2 SYSTEMPATH\Common.php(1184): CodeIgniter\View\View->render('siswa', [], true)
 3 APPPATH\Controllers\MenuController.php(19): view('siswa')
 4 SYSTEMPATH\CodeIgniter.php(934): App\Controllers\MenuController->dataSiswa()
 5 SYSTEMPATH\CodeIgniter.php(499): CodeIgniter\CodeIgniter->runController(Object(App\Controllers\MenuController))
 6 SYSTEMPATH\CodeIgniter.php(368): CodeIgniter\CodeIgniter->handleRequest(null, Object(Config\Cache), false)
 7 FCPATH\index.php(67): CodeIgniter\CodeIgniter->run()
 8 SYSTEMPATH\Commands\Server\rewrite.php(47): require_once('C:\\project\\latihan_codeigniter\\public\\index.php')
CRITICAL - 2023-05-13 13:17:58 --> Undefined constant "base"
in APPPATH\Views\Layouts\tempLate.php on line 14.
 1 SYSTEMPATH\View\View.php(213): include()
 2 SYSTEMPATH\View\View.php(216): CodeIgniter\View\View->CodeIgniter\View\{closure}()
 3 SYSTEMPATH\View\View.php(229): CodeIgniter\View\View->render('layouts/template', [], true)
 4 SYSTEMPATH\Common.php(1184): CodeIgniter\View\View->render('siswa', [], true)
 5 APPPATH\Controllers\MenuController.php(19): view('siswa')
 6 SYSTEMPATH\CodeIgniter.php(934): App\Controllers\MenuController->dataSiswa()
 7 SYSTEMPATH\CodeIgniter.php(499): CodeIgniter\CodeIgniter->runController(Object(App\Controllers\MenuController))
 8 SYSTEMPATH\CodeIgniter.php(368): CodeIgniter\CodeIgniter->handleRequest(null, Object(Config\Cache), false)
 9 FCPATH\index.php(67): CodeIgniter\CodeIgniter->run()
10 SYSTEMPATH\Commands\Server\rewrite.php(47): require_once('C:\\project\\latihan_codeigniter\\public\\index.php')
CRITICAL - 2023-05-13 13:19:50 --> Undefined constant "base"
in APPPATH\Views\Layouts\tempLate.php on line 14.
 1 SYSTEMPATH\View\View.php(213): include()
 2 SYSTEMPATH\View\View.php(216): CodeIgniter\View\View->CodeIgniter\View\{closure}()
 3 SYSTEMPATH\View\View.php(229): CodeIgniter\View\View->render('layouts/template', [], true)
 4 SYSTEMPATH\Common.php(1184): CodeIgniter\View\View->render('siswa', [], true)
 5 APPPATH\Controllers\MenuController.php(19): view('siswa')
 6 SYSTEMPATH\CodeIgniter.php(934): App\Controllers\MenuController->dataSiswa()
 7 SYSTEMPATH\CodeIgniter.php(499): CodeIgniter\CodeIgniter->runController(Object(App\Controllers\MenuController))
 8 SYSTEMPATH\CodeIgniter.php(368): CodeIgniter\CodeIgniter->handleRequest(null, Object(Config\Cache), false)
 9 FCPATH\index.php(67): CodeIgniter\CodeIgniter->run()
10 SYSTEMPATH\Commands\Server\rewrite.php(47): require_once('C:\\project\\latihan_codeigniter\\public\\index.php')
CRITICAL - 2023-05-13 13:19:53 --> Undefined constant "base"
in APPPATH\Views\Layouts\tempLate.php on line 14.
 1 SYSTEMPATH\View\View.php(213): include()
 2 SYSTEMPATH\View\View.php(216): CodeIgniter\View\View->CodeIgniter\View\{closure}()
 3 SYSTEMPATH\View\View.php(229): CodeIgniter\View\View->render('layouts/template', [], true)
 4 SYSTEMPATH\Common.php(1184): CodeIgniter\View\View->render('siswa', [], true)
 5 APPPATH\Controllers\MenuController.php(19): view('siswa')
 6 SYSTEMPATH\CodeIgniter.php(934): App\Controllers\MenuController->dataSiswa()
 7 SYSTEMPATH\CodeIgniter.php(499): CodeIgniter\CodeIgniter->runController(Object(App\Controllers\MenuController))
 8 SYSTEMPATH\CodeIgniter.php(368): CodeIgniter\CodeIgniter->handleRequest(null, Object(Config\Cache), false)
 9 FCPATH\index.php(67): CodeIgniter\CodeIgniter->run()
10 SYSTEMPATH\Commands\Server\rewrite.php(47): require_once('C:\\project\\latihan_codeigniter\\public\\index.php')
CRITICAL - 2023-05-13 14:36:12 --> Invalid file: "layout/template.php"
in SYSTEMPATH\Exceptions\FrameworkException.php on line 33.
 1 SYSTEMPATH\View\View.php(201): CodeIgniter\Exceptions\FrameworkException::forInvalidFile('layout/template.php')
 2 SYSTEMPATH\View\View.php(229): CodeIgniter\View\View->render('layout/template', [], true)
 3 SYSTEMPATH\Common.php(1184): CodeIgniter\View\View->render('registrasi', [], true)
 4 APPPATH\Controllers\AuthController.php(16): view('registrasi')
 5 SYSTEMPATH\CodeIgniter.php(934): App\Controllers\AuthController->registrasi()
 6 SYSTEMPATH\CodeIgniter.php(499): CodeIgniter\CodeIgniter->runController(Object(App\Controllers\AuthController))
 7 SYSTEMPATH\CodeIgniter.php(368): CodeIgniter\CodeIgniter->handleRequest(null, Object(Config\Cache), false)
 8 FCPATH\index.php(67): CodeIgniter\CodeIgniter->run()
 9 SYSTEMPATH\Commands\Server\rewrite.php(47): require_once('C:\\project\\latihan_codeigniter\\public\\index.php')
CRITICAL - 2023-05-13 17:15:23 --> syntax error, unexpected end of file, expecting "elseif" or "else" or "endif"
in APPPATH\Views\registrasi.php on line 51.
 1 SYSTEMPATH\View\View.php(216): CodeIgniter\View\View->CodeIgniter\View\{closure}()
 2 SYSTEMPATH\Common.php(1184): CodeIgniter\View\View->render('registrasi', [], true)
 3 APPPATH\Controllers\AuthController.php(16): view('registrasi')
 4 SYSTEMPATH\CodeIgniter.php(934): App\Controllers\AuthController->registrasi()
 5 SYSTEMPATH\CodeIgniter.php(499): CodeIgniter\CodeIgniter->runController(Object(App\Controllers\AuthController))
 6 SYSTEMPATH\CodeIgniter.php(368): CodeIgniter\CodeIgniter->handleRequest(null, Object(Config\Cache), false)
 7 FCPATH\index.php(67): CodeIgniter\CodeIgniter->run()
 8 SYSTEMPATH\Commands\Server\rewrite.php(47): require_once('C:\\project\\latihan_codeigniter\\public\\index.php')
CRITICAL - 2023-05-13 17:18:25 --> Undefined property: App\Controllers\AuthController::$requesr
in APPPATH\Controllers\AuthController.php on line 27.
 1 APPPATH\Controllers\AuthController.php(27): CodeIgniter\Debug\Exceptions->errorHandler(2, 'Undefined property: App\\Controllers\\AuthController::$requesr', 'C:\\project\\latihan_codeigniter\\app\\Controllers\\AuthController.php', 27)
 2 SYSTEMPATH\CodeIgniter.php(934): App\Controllers\AuthController->simpanRegistrasi()
 3 SYSTEMPATH\CodeIgniter.php(499): CodeIgniter\CodeIgniter->runController(Object(App\Controllers\AuthController))
 4 SYSTEMPATH\CodeIgniter.php(368): CodeIgniter\CodeIgniter->handleRequest(null, Object(Config\Cache), false)
 5 FCPATH\index.php(67): CodeIgniter\CodeIgniter->run()
 6 SYSTEMPATH\Commands\Server\rewrite.php(47): require_once('C:\\project\\latihan_codeigniter\\public\\index.php')
