CRITICAL - 2023-05-17 13:28:09 --> Undefined variable $siswa
in APPPATH\Views\siswa\index.php on line 18.
 1 APPPATH\Views\siswa\index.php(18): CodeIgniter\Debug\Exceptions->errorHandler(2, 'Undefined variable $siswa', 'C:\\project\\latihan_codeigniter\\app\\Views\\siswa\\index.php', 18)
 2 SYSTEMPATH\View\View.php(213): include('C:\\project\\latihan_codeigniter\\app\\Views\\siswa\\index.php')
 3 SYSTEMPATH\View\View.php(216): CodeIgniter\View\View->CodeIgniter\View\{closure}()
 4 SYSTEMPATH\Common.php(1184): CodeIgniter\View\View->render('siswa/index', [], true)
 5 APPPATH\Controllers\Siswa.php(21): view('siswa/index', [...])
 6 SYSTEMPATH\CodeIgniter.php(934): App\Controllers\Siswa->index()
 7 SYSTEMPATH\CodeIgniter.php(499): CodeIgniter\CodeIgniter->runController(Object(App\Controllers\Siswa))
 8 SYSTEMPATH\CodeIgniter.php(368): CodeIgniter\CodeIgniter->handleRequest(null, Object(Config\Cache), false)
 9 FCPATH\index.php(67): CodeIgniter\CodeIgniter->run()
10 SYSTEMPATH\Commands\Server\rewrite.php(47): require_once('C:\\project\\latihan_codeigniter\\public\\index.php')
CRITICAL - 2023-05-17 13:44:33 --> Undefined variable $thsi
in APPPATH\Controllers\Siswa.php on line 31.
 1 APPPATH\Controllers\Siswa.php(31): CodeIgniter\Debug\Exceptions->errorHandler(2, 'Undefined variable $thsi', 'C:\\project\\latihan_codeigniter\\app\\Controllers\\Siswa.php', 31)
 2 SYSTEMPATH\CodeIgniter.php(934): App\Controllers\Siswa->show('2')
 3 SYSTEMPATH\CodeIgniter.php(499): CodeIgniter\CodeIgniter->runController(Object(App\Controllers\Siswa))
 4 SYSTEMPATH\CodeIgniter.php(368): CodeIgniter\CodeIgniter->handleRequest(null, Object(Config\Cache), false)
 5 FCPATH\index.php(67): CodeIgniter\CodeIgniter->run()
 6 SYSTEMPATH\Commands\Server\rewrite.php(47): require_once('C:\\project\\latihan_codeigniter\\public\\index.php')
CRITICAL - 2023-05-17 14:16:33 --> Undefined variable $thsi
in APPPATH\Views\siswa\form-tambah.php on line 1.
 1 APPPATH\Views\siswa\form-tambah.php(1): CodeIgniter\Debug\Exceptions->errorHandler(2, 'Undefined variable $thsi', 'C:\\project\\latihan_codeigniter\\app\\Views\\siswa\\form-tambah.php', 1)
 2 SYSTEMPATH\View\View.php(213): include('C:\\project\\latihan_codeigniter\\app\\Views\\siswa\\form-tambah.php')
 3 SYSTEMPATH\View\View.php(216): CodeIgniter\View\View->CodeIgniter\View\{closure}()
 4 SYSTEMPATH\Common.php(1184): CodeIgniter\View\View->render('siswa/form-tambah', [], true)
 5 APPPATH\Controllers\Siswa.php(42): view('siswa/form-tambah')
 6 SYSTEMPATH\CodeIgniter.php(934): App\Controllers\Siswa->new()
 7 SYSTEMPATH\CodeIgniter.php(499): CodeIgniter\CodeIgniter->runController(Object(App\Controllers\Siswa))
 8 SYSTEMPATH\CodeIgniter.php(368): CodeIgniter\CodeIgniter->handleRequest(null, Object(Config\Cache), false)
 9 FCPATH\index.php(67): CodeIgniter\CodeIgniter->run()
10 SYSTEMPATH\Commands\Server\rewrite.php(47): require_once('C:\\project\\latihan_codeigniter\\public\\index.php')
